# JRE version: Java(TM) SE Runtime Environment (8.0_121-b13) (build 1.8.0_121-b13)
# Java VM: Java HotSpot(TM) Client VM (25.121-b13 mixed mode windows-x86 )
Heap:
 def new generation   total 43840K, used 6048K [0x0f200000, 0x12190000, 0x24750000)
  eden space 38976K,   3% used [0x0f200000, 0x0f328058, 0x11810000)
  from space 4864K, 100% used [0x11cd0000, 0x12190000, 0x12190000)
  to   space 4864K,   0% used [0x11810000, 0x11810000, 0x11cd0000)
 tenured generation   total 97104K, used 59065K [0x24750000, 0x2a624000, 0x4f200000)
   the space 97104K,  60% used [0x24750000, 0x280fe7d0, 0x280fe800, 0x2a624000)
 Metaspace       used 38735K, capacity 39958K, committed 40192K, reserved 40320K
GC Heap History (10 events):
Event: 343.434 GC heap before
{Heap before GC invocations=151 (full 6):
 def new generation   total 25920K, used 24677K [0x0f200000, 0x10e20000, 0x24750000)
  eden space 23040K, 100% used [0x0f200000, 0x10880000, 0x10880000)
  from space 2880K,  56% used [0x10b50000, 0x10ce95a8, 0x10e20000)
  to   space 2880K,   0% used [0x10880000, 0x10880000, 0x10b50000)
 tenured generation   total 57332K, used 54566K [0x24750000, 0x27f4d000, 0x4f200000)
   the space 57332K,  95% used [0x24750000, 0x27c99938, 0x27c99a00, 0x27f4d000)
 Metaspace       used 38757K, capacity 40124K, committed 40192K, reserved 40320K
Event: 343.444 GC heap after
Heap after GC invocations=152 (full 6):
 def new generation   total 25920K, used 1340K [0x0f200000, 0x10e20000, 0x24750000)
  eden space 23040K,   0% used [0x0f200000, 0x0f200000, 0x10880000)
  from space 2880K,  46% used [0x10880000, 0x109cf3a8, 0x10b50000)
  to   space 2880K,   0% used [0x10b50000, 0x10b50000, 0x10e20000)
 tenured generation   total 57332K, used 55227K [0x24750000, 0x27f4d000, 0x4f200000)
   the space 57332K,  96% used [0x24750000, 0x27d3eec0, 0x27d3f000, 0x27f4d000)
 Metaspace       used 38757K, capacity 40124K, committed 40192K, reserved 40320K
}
Event: 344.367 GC heap before
{Heap before GC invocations=152 (full 6):
 def new generation   total 25920K, used 24380K [0x0f200000, 0x10e20000, 0x24750000)
  eden space 23040K, 100% used [0x0f200000, 0x10880000, 0x10880000)
  from space 2880K,  46% used [0x10880000, 0x109cf3a8, 0x10b50000)
  to   space 2880K,   0% used [0x10b50000, 0x10b50000, 0x10e20000)
 tenured generation   total 57332K, used 55227K [0x24750000, 0x27f4d000, 0x4f200000)
   the space 57332K,  96% used [0x24750000, 0x27d3eec0, 0x27d3f000, 0x27f4d000)
 Metaspace       used 38799K, capacity 40188K, committed 40192K, reserved 40320K
Event: 344.380 GC heap after
Heap after GC invocations=153 (full 6):
 def new generation   total 25920K, used 2166K [0x0f200000, 0x10e20000, 0x24750000)
  eden space 23040K,   0% used [0x0f200000, 0x0f200000, 0x10880000)
  from space 2880K,  75% used [0x10b50000, 0x10d6d8b0, 0x10e20000)
  to   space 2880K,   0% used [0x10880000, 0x10880000, 0x10b50000)
 tenured generation   total 57332K, used 55227K [0x24750000, 0x27f4d000, 0x4f200000)
   the space 57332K,  96% used [0x24750000, 0x27d3eec0, 0x27d3f000, 0x27f4d000)
 Metaspace       used 38799K, capacity 40188K, committed 40192K, reserved 40320K
}
Event: 344.644 GC heap before
{Heap before GC invocations=153 (full 6):
 def new generation   total 25920K, used 25206K [0x0f200000, 0x10e20000, 0x24750000)
  eden space 23040K, 100% used [0x0f200000, 0x10880000, 0x10880000)
  from space 2880K,  75% used [0x10b50000, 0x10d6d8b0, 0x10e20000)
  to   space 2880K,   0% used [0x10880000, 0x10880000, 0x10b50000)
 tenured generation   total 57332K, used 55227K [0x24750000, 0x27f4d000, 0x4f200000)
   the space 57332K,  96% used [0x24750000, 0x27d3eec0, 0x27d3f000, 0x27f4d000)
 Metaspace       used 38799K, capacity 40188K, committed 40192K, reserved 40320K
Event: 344.664 GC heap after
Heap after GC invocations=154 (full 6):
 def new generation   total 25920K, used 2880K [0x0f200000, 0x10e20000, 0x24750000)
  eden space 23040K,   0% used [0x0f200000, 0x0f200000, 0x10880000)
  from space 2880K, 100% used [0x10880000, 0x10b50000, 0x10b50000)
  to   space 2880K,   0% used [0x10b50000, 0x10b50000, 0x10e20000)
 tenured generation   total 57332K, used 56555K [0x24750000, 0x27f4d000, 0x4f200000)
   the space 57332K,  98% used [0x24750000, 0x27e8ac58, 0x27e8ae00, 0x27f4d000)
 Metaspace       used 38799K, capacity 40188K, committed 40192K, reserved 40320K
}
Event: 344.991 GC heap before
{Heap before GC invocations=154 (full 6):
 def new generation   total 25920K, used 25920K [0x0f200000, 0x10e20000, 0x24750000)
  eden space 23040K, 100% used [0x0f200000, 0x10880000, 0x10880000)
  from space 2880K, 100% used [0x10880000, 0x10b50000, 0x10b50000)
  to   space 2880K,   0% used [0x10b50000, 0x10b50000, 0x10e20000)
 tenured generation   total 57332K, used 56555K [0x24750000, 0x27f4d000, 0x4f200000)
   the space 57332K,  98% used [0x24750000, 0x27e8ac58, 0x27e8ae00, 0x27f4d000)
 Metaspace       used 38799K, capacity 40188K, committed 40192K, reserved 40320K
Event: 345.300 GC heap after
Heap after GC invocations=155 (full 7):
 def new generation   total 43840K, used 0K [0x0f200000, 0x12190000, 0x24750000)
  eden space 38976K,   0% used [0x0f200000, 0x0f200000, 0x11810000)
  from space 4864K,   0% used [0x11810000, 0x11810000, 0x11cd0000)
  to   space 4864K,   0% used [0x11cd0000, 0x11cd0000, 0x12190000)
 tenured generation   total 97104K, used 58260K [0x24750000, 0x2a624000, 0x4f200000)
   the space 97104K,  59% used [0x24750000, 0x280353e8, 0x28035400, 0x2a624000)
 Metaspace       used 38617K, capacity 39847K, committed 40192K, reserved 40320K
}
Event: 346.334 GC heap before
{Heap before GC invocations=155 (full 7):
 def new generation   total 43840K, used 38863K [0x0f200000, 0x12190000, 0x24750000)
  eden space 38976K,  99% used [0x0f200000, 0x117f3c98, 0x11810000)
  from space 4864K,   0% used [0x11810000, 0x11810000, 0x11cd0000)
  to   space 4864K,   0% used [0x11cd0000, 0x11cd0000, 0x12190000)
 tenured generation   total 97104K, used 58260K [0x24750000, 0x2a624000, 0x4f200000)
   the space 97104K,  59% used [0x24750000, 0x280353e8, 0x28035400, 0x2a624000)
 Metaspace       used 38692K, capacity 39921K, committed 40192K, reserved 40320K
Event: 346.365 GC heap after
Heap after GC invocations=156 (full 7):
 def new generation   total 43840K, used 4864K [0x0f200000, 0x12190000, 0x24750000)
  eden space 38976K,   0% used [0x0f200000, 0x0f200000, 0x11810000)
  from space 4864K, 100% used [0x11cd0000, 0x12190000, 0x12190000)
  to   space 4864K,   0% used [0x11810000, 0x11810000, 0x11cd0000)
 tenured generation   total 97104K, used 59065K [0x24750000, 0x2a624000, 0x4f200000)
   the space 97104K,  60% used [0x24750000, 0x280fe7d0, 0x280fe800, 0x2a624000)
 Metaspace       used 38692K, capacity 39921K, committed 40192K, reserved 40320K
}

