# JRE version: Java(TM) SE Runtime Environment (8.0_121-b13) (build 1.8.0_121-b13)
# Java VM: Java HotSpot(TM) Client VM (25.121-b13 mixed mode windows-x86 )
Heap:
 def new generation   total 48064K, used 16057K [0x0f200000, 0x12620000, 0x24750000)
  eden space 42752K,  37% used [0x0f200000, 0x101ae720, 0x11bc0000)
  from space 5312K,   0% used [0x11bc0000, 0x11bc0000, 0x120f0000)
  to   space 5312K,   0% used [0x120f0000, 0x120f0000, 0x12620000)
 tenured generation   total 106532K, used 63917K [0x24750000, 0x2af59000, 0x4f200000)
   the space 106532K,  59% used [0x24750000, 0x285bb708, 0x285bb800, 0x2af59000)
 Metaspace       used 38706K, capacity 40104K, committed 40448K, reserved 41344K
GC Heap History (10 events):
Event: 49.467 GC heap before
{Heap before GC invocations=101 (full 5):
 def new generation   total 35264K, used 35264K [0x0f200000, 0x11840000, 0x24750000)
  eden space 31360K, 100% used [0x0f200000, 0x110a0000, 0x110a0000)
  from space 3904K, 100% used [0x110a0000, 0x11470000, 0x11470000)
  to   space 3904K,   0% used [0x11470000, 0x11470000, 0x11840000)
 tenured generation   total 78048K, used 65324K [0x24750000, 0x29388000, 0x4f200000)
   the space 78048K,  83% used [0x24750000, 0x2871b118, 0x2871b200, 0x29388000)
 Metaspace       used 38197K, capacity 39579K, committed 39680K, reserved 40320K
Event: 49.500 GC heap after
Heap after GC invocations=102 (full 5):
 def new generation   total 35264K, used 1927K [0x0f200000, 0x11840000, 0x24750000)
  eden space 31360K,   0% used [0x0f200000, 0x0f200000, 0x110a0000)
  from space 3904K,  49% used [0x11470000, 0x11651c60, 0x11840000)
  to   space 3904K,   0% used [0x110a0000, 0x110a0000, 0x11470000)
 tenured generation   total 78048K, used 68933K [0x24750000, 0x29388000, 0x4f200000)
   the space 78048K,  88% used [0x24750000, 0x28aa15b8, 0x28aa1600, 0x29388000)
 Metaspace       used 38197K, capacity 39579K, committed 39680K, reserved 40320K
}
Event: 50.758 GC heap before
{Heap before GC invocations=102 (full 5):
 def new generation   total 35264K, used 33287K [0x0f200000, 0x11840000, 0x24750000)
  eden space 31360K, 100% used [0x0f200000, 0x110a0000, 0x110a0000)
  from space 3904K,  49% used [0x11470000, 0x11651c60, 0x11840000)
  to   space 3904K,   0% used [0x110a0000, 0x110a0000, 0x11470000)
 tenured generation   total 78048K, used 68933K [0x24750000, 0x29388000, 0x4f200000)
   the space 78048K,  88% used [0x24750000, 0x28aa15b8, 0x28aa1600, 0x29388000)
 Metaspace       used 38287K, capacity 39726K, committed 39808K, reserved 40320K
Event: 50.778 GC heap after
Heap after GC invocations=103 (full 5):
 def new generation   total 35264K, used 3517K [0x0f200000, 0x11840000, 0x24750000)
  eden space 31360K,   0% used [0x0f200000, 0x0f200000, 0x110a0000)
  from space 3904K,  90% used [0x110a0000, 0x1140f590, 0x11470000)
  to   space 3904K,   0% used [0x11470000, 0x11470000, 0x11840000)
 tenured generation   total 78048K, used 68933K [0x24750000, 0x29388000, 0x4f200000)
   the space 78048K,  88% used [0x24750000, 0x28aa15b8, 0x28aa1600, 0x29388000)
 Metaspace       used 38287K, capacity 39726K, committed 39808K, reserved 40320K
}
Event: 51.454 GC heap before
{Heap before GC invocations=103 (full 5):
 def new generation   total 35264K, used 34877K [0x0f200000, 0x11840000, 0x24750000)
  eden space 31360K, 100% used [0x0f200000, 0x110a0000, 0x110a0000)
  from space 3904K,  90% used [0x110a0000, 0x1140f590, 0x11470000)
  to   space 3904K,   0% used [0x11470000, 0x11470000, 0x11840000)
 tenured generation   total 78048K, used 68933K [0x24750000, 0x29388000, 0x4f200000)
   the space 78048K,  88% used [0x24750000, 0x28aa15b8, 0x28aa1600, 0x29388000)
 Metaspace       used 38678K, capacity 40115K, committed 40192K, reserved 40320K
Event: 51.478 GC heap after
Heap after GC invocations=104 (full 5):
 def new generation   total 35264K, used 3359K [0x0f200000, 0x11840000, 0x24750000)
  eden space 31360K,   0% used [0x0f200000, 0x0f200000, 0x110a0000)
  from space 3904K,  86% used [0x11470000, 0x117b7c10, 0x11840000)
  to   space 3904K,   0% used [0x110a0000, 0x110a0000, 0x11470000)
 tenured generation   total 78048K, used 70717K [0x24750000, 0x29388000, 0x4f200000)
   the space 78048K,  90% used [0x24750000, 0x28c5f7a8, 0x28c5f800, 0x29388000)
 Metaspace       used 38678K, capacity 40115K, committed 40192K, reserved 40320K
}
Event: 52.091 GC heap before
{Heap before GC invocations=104 (full 5):
 def new generation   total 35264K, used 34719K [0x0f200000, 0x11840000, 0x24750000)
  eden space 31360K, 100% used [0x0f200000, 0x110a0000, 0x110a0000)
  from space 3904K,  86% used [0x11470000, 0x117b7c10, 0x11840000)
  to   space 3904K,   0% used [0x110a0000, 0x110a0000, 0x11470000)
 tenured generation   total 78048K, used 70717K [0x24750000, 0x29388000, 0x4f200000)
   the space 78048K,  90% used [0x24750000, 0x28c5f7a8, 0x28c5f800, 0x29388000)
 Metaspace       used 38678K, capacity 40115K, committed 40192K, reserved 40320K
Event: 52.137 GC heap after
Heap after GC invocations=105 (full 5):
 def new generation   total 35264K, used 3904K [0x0f200000, 0x11840000, 0x24750000)
  eden space 31360K,   0% used [0x0f200000, 0x0f200000, 0x110a0000)
  from space 3904K, 100% used [0x110a0000, 0x11470000, 0x11470000)
  to   space 3904K,   0% used [0x11470000, 0x11470000, 0x11840000)
 tenured generation   total 78048K, used 75468K [0x24750000, 0x29388000, 0x4f200000)
   the space 78048K,  96% used [0x24750000, 0x291033d0, 0x29103400, 0x29388000)
 Metaspace       used 38678K, capacity 40115K, committed 40192K, reserved 40320K
}
Event: 52.615 GC heap before
{Heap before GC invocations=105 (full 5):
 def new generation   total 35264K, used 35264K [0x0f200000, 0x11840000, 0x24750000)
  eden space 31360K, 100% used [0x0f200000, 0x110a0000, 0x110a0000)
  from space 3904K, 100% used [0x110a0000, 0x11470000, 0x11470000)
  to   space 3904K,   0% used [0x11470000, 0x11470000, 0x11840000)
 tenured generation   total 78048K, used 75468K [0x24750000, 0x29388000, 0x4f200000)
   the space 78048K,  96% used [0x24750000, 0x291033d0, 0x29103400, 0x29388000)
 Metaspace       used 38678K, capacity 40115K, committed 40192K, reserved 40320K
Event: 52.983 GC heap after
Heap after GC invocations=106 (full 6):
 def new generation   total 48064K, used 0K [0x0f200000, 0x12620000, 0x24750000)
  eden space 42752K,   0% used [0x0f200000, 0x0f200000, 0x11bc0000)
  from space 5312K,   0% used [0x11bc0000, 0x11bc0000, 0x120f0000)
  to   space 5312K,   0% used [0x120f0000, 0x120f0000, 0x12620000)
 tenured generation   total 106532K, used 63917K [0x24750000, 0x2af59000, 0x4f200000)
   the space 106532K,  59% used [0x24750000, 0x285bb708, 0x285bb800, 0x2af59000)
 Metaspace       used 38480K, capacity 39862K, committed 40192K, reserved 40320K
}

