# JRE version: Java(TM) SE Runtime Environment (8.0_121-b13) (build 1.8.0_121-b13)
# Java VM: Java HotSpot(TM) Client VM (25.121-b13 mixed mode windows-x86 )
Heap:
 def new generation   total 34048K, used 6766K [0x0f200000, 0x116f0000, 0x14750000)
  eden space 30272K,   9% used [0x0f200000, 0x0f4eb868, 0x10f90000)
  from space 3776K, 100% used [0x10f90000, 0x11340000, 0x11340000)
  to   space 3776K,   0% used [0x11340000, 0x11340000, 0x116f0000)
 tenured generation   total 75536K, used 64737K [0x14750000, 0x19114000, 0x1f200000)
   the space 75536K,  85% used [0x14750000, 0x18688450, 0x18688600, 0x19114000)
 Metaspace       used 36391K, capacity 37624K, committed 37760K, reserved 38272K
GC Heap History (10 events):
Event: 20.753 GC heap before
{Heap before GC invocations=98 (full 5):
 def new generation   total 34048K, used 32012K [0x0f200000, 0x116f0000, 0x14750000)
  eden space 30272K, 100% used [0x0f200000, 0x10f90000, 0x10f90000)
  from space 3776K,  46% used [0x11340000, 0x114f3128, 0x116f0000)
  to   space 3776K,   0% used [0x10f90000, 0x10f90000, 0x11340000)
 tenured generation   total 75536K, used 52184K [0x14750000, 0x19114000, 0x1f200000)
   the space 75536K,  69% used [0x14750000, 0x17a462d8, 0x17a46400, 0x19114000)
 Metaspace       used 35663K, capacity 36874K, committed 36992K, reserved 37248K
Event: 20.765 GC heap after
Heap after GC invocations=99 (full 5):
 def new generation   total 34048K, used 3084K [0x0f200000, 0x116f0000, 0x14750000)
  eden space 30272K,   0% used [0x0f200000, 0x0f200000, 0x10f90000)
  from space 3776K,  81% used [0x10f90000, 0x112931f0, 0x11340000)
  to   space 3776K,   0% used [0x11340000, 0x11340000, 0x116f0000)
 tenured generation   total 75536K, used 52184K [0x14750000, 0x19114000, 0x1f200000)
   the space 75536K,  69% used [0x14750000, 0x17a462d8, 0x17a46400, 0x19114000)
 Metaspace       used 35663K, capacity 36874K, committed 36992K, reserved 37248K
}
Event: 21.683 GC heap before
{Heap before GC invocations=99 (full 5):
 def new generation   total 34048K, used 33356K [0x0f200000, 0x116f0000, 0x14750000)
  eden space 30272K, 100% used [0x0f200000, 0x10f90000, 0x10f90000)
  from space 3776K,  81% used [0x10f90000, 0x112931f0, 0x11340000)
  to   space 3776K,   0% used [0x11340000, 0x11340000, 0x116f0000)
 tenured generation   total 75536K, used 52184K [0x14750000, 0x19114000, 0x1f200000)
   the space 75536K,  69% used [0x14750000, 0x17a462d8, 0x17a46400, 0x19114000)
 Metaspace       used 36159K, capacity 37387K, committed 37504K, reserved 38272K
Event: 21.705 GC heap after
Heap after GC invocations=100 (full 5):
 def new generation   total 34048K, used 3352K [0x0f200000, 0x116f0000, 0x14750000)
  eden space 30272K,   0% used [0x0f200000, 0x0f200000, 0x10f90000)
  from space 3776K,  88% used [0x11340000, 0x11686300, 0x116f0000)
  to   space 3776K,   0% used [0x10f90000, 0x10f90000, 0x11340000)
 tenured generation   total 75536K, used 53675K [0x14750000, 0x19114000, 0x1f200000)
   the space 75536K,  71% used [0x14750000, 0x17bbadb8, 0x17bbae00, 0x19114000)
 Metaspace       used 36159K, capacity 37387K, committed 37504K, reserved 38272K
}
Event: 22.101 GC heap before
{Heap before GC invocations=100 (full 5):
 def new generation   total 34048K, used 33624K [0x0f200000, 0x116f0000, 0x14750000)
  eden space 30272K, 100% used [0x0f200000, 0x10f90000, 0x10f90000)
  from space 3776K,  88% used [0x11340000, 0x11686300, 0x116f0000)
  to   space 3776K,   0% used [0x10f90000, 0x10f90000, 0x11340000)
 tenured generation   total 75536K, used 53675K [0x14750000, 0x19114000, 0x1f200000)
   the space 75536K,  71% used [0x14750000, 0x17bbadb8, 0x17bbae00, 0x19114000)
 Metaspace       used 36167K, capacity 37387K, committed 37504K, reserved 38272K
Event: 22.119 GC heap after
Heap after GC invocations=101 (full 5):
 def new generation   total 34048K, used 2532K [0x0f200000, 0x116f0000, 0x14750000)
  eden space 30272K,   0% used [0x0f200000, 0x0f200000, 0x10f90000)
  from space 3776K,  67% used [0x10f90000, 0x11209230, 0x11340000)
  to   space 3776K,   0% used [0x11340000, 0x11340000, 0x116f0000)
 tenured generation   total 75536K, used 56436K [0x14750000, 0x19114000, 0x1f200000)
   the space 75536K,  74% used [0x14750000, 0x17e6d3c0, 0x17e6d400, 0x19114000)
 Metaspace       used 36167K, capacity 37387K, committed 37504K, reserved 38272K
}
Event: 22.559 GC heap before
{Heap before GC invocations=101 (full 5):
 def new generation   total 34048K, used 32804K [0x0f200000, 0x116f0000, 0x14750000)
  eden space 30272K, 100% used [0x0f200000, 0x10f90000, 0x10f90000)
  from space 3776K,  67% used [0x10f90000, 0x11209230, 0x11340000)
  to   space 3776K,   0% used [0x11340000, 0x11340000, 0x116f0000)
 tenured generation   total 75536K, used 56436K [0x14750000, 0x19114000, 0x1f200000)
   the space 75536K,  74% used [0x14750000, 0x17e6d3c0, 0x17e6d400, 0x19114000)
 Metaspace       used 36167K, capacity 37387K, committed 37504K, reserved 38272K
Event: 22.589 GC heap after
Heap after GC invocations=102 (full 5):
 def new generation   total 34048K, used 3776K [0x0f200000, 0x116f0000, 0x14750000)
  eden space 30272K,   0% used [0x0f200000, 0x0f200000, 0x10f90000)
  from space 3776K, 100% used [0x11340000, 0x116f0000, 0x116f0000)
  to   space 3776K,   0% used [0x10f90000, 0x10f90000, 0x11340000)
 tenured generation   total 75536K, used 60857K [0x14750000, 0x19114000, 0x1f200000)
   the space 75536K,  80% used [0x14750000, 0x182be4c0, 0x182be600, 0x19114000)
 Metaspace       used 36167K, capacity 37387K, committed 37504K, reserved 38272K
}
Event: 23.035 GC heap before
{Heap before GC invocations=102 (full 5):
 def new generation   total 34048K, used 34048K [0x0f200000, 0x116f0000, 0x14750000)
  eden space 30272K, 100% used [0x0f200000, 0x10f90000, 0x10f90000)
  from space 3776K, 100% used [0x11340000, 0x116f0000, 0x116f0000)
  to   space 3776K,   0% used [0x10f90000, 0x10f90000, 0x11340000)
 tenured generation   total 75536K, used 60857K [0x14750000, 0x19114000, 0x1f200000)
   the space 75536K,  80% used [0x14750000, 0x182be4c0, 0x182be600, 0x19114000)
 Metaspace       used 36343K, capacity 37557K, committed 37632K, reserved 38272K
Event: 23.069 GC heap after
Heap after GC invocations=103 (full 5):
 def new generation   total 34048K, used 3776K [0x0f200000, 0x116f0000, 0x14750000)
  eden space 30272K,   0% used [0x0f200000, 0x0f200000, 0x10f90000)
  from space 3776K, 100% used [0x10f90000, 0x11340000, 0x11340000)
  to   space 3776K,   0% used [0x11340000, 0x11340000, 0x116f0000)
 tenured generation   total 75536K, used 64737K [0x14750000, 0x19114000, 0x1f200000)
   the space 75536K,  85% used [0x14750000, 0x18688450, 0x18688600, 0x19114000)
 Metaspace       used 36343K, capacity 37557K, committed 37632K, reserved 38272K
}

