# JRE version: Java(TM) SE Runtime Environment (8.0_121-b13) (build 1.8.0_121-b13)
# Java VM: Java HotSpot(TM) Client VM (25.121-b13 mixed mode, sharing windows-x86 )
Heap:
 def new generation   total 46400K, used 22023K [0x0f200000, 0x12450000, 0x14750000)
  eden space 41280K,  53% used [0x0f200000, 0x10781c30, 0x11a50000)
  from space 5120K,   0% used [0x11a50000, 0x11a50000, 0x11f50000)
  to   space 5120K,   0% used [0x11f50000, 0x11f50000, 0x12450000)
 tenured generation   total 102900K, used 61740K [0x14750000, 0x1abcd000, 0x1f200000)
   the space 102900K,  60% used [0x14750000, 0x1839b000, 0x1839b000, 0x1abcd000)
 Metaspace       used 31635K, capacity 32859K, committed 32896K, reserved 33152K
GC Heap History (10 events):
Event: 18.059 GC heap before
{Heap before GC invocations=90 (full 4):
 def new generation   total 27008K, used 25269K [0x0f200000, 0x10f40000, 0x14750000)
  eden space 24064K, 100% used [0x0f200000, 0x10980000, 0x10980000)
  from space 2944K,  40% used [0x10980000, 0x10aad420, 0x10c60000)
  to   space 2944K,   0% used [0x10c60000, 0x10c60000, 0x10f40000)
 tenured generation   total 59692K, used 51120K [0x14750000, 0x1819b000, 0x1f200000)
   the space 59692K,  85% used [0x14750000, 0x1793c198, 0x1793c200, 0x1819b000)
 Metaspace       used 31023K, capacity 32273K, committed 32384K, reserved 33152K
Event: 18.074 GC heap after
Heap after GC invocations=91 (full 4):
 def new generation   total 27008K, used 2134K [0x0f200000, 0x10f40000, 0x14750000)
  eden space 24064K,   0% used [0x0f200000, 0x0f200000, 0x10980000)
  from space 2944K,  72% used [0x10c60000, 0x10e75b78, 0x10f40000)
  to   space 2944K,   0% used [0x10980000, 0x10980000, 0x10c60000)
 tenured generation   total 59692K, used 51120K [0x14750000, 0x1819b000, 0x1f200000)
   the space 59692K,  85% used [0x14750000, 0x1793c198, 0x1793c200, 0x1819b000)
 Metaspace       used 31023K, capacity 32273K, committed 32384K, reserved 33152K
}
Event: 18.618 GC heap before
{Heap before GC invocations=91 (full 4):
 def new generation   total 27008K, used 26198K [0x0f200000, 0x10f40000, 0x14750000)
  eden space 24064K, 100% used [0x0f200000, 0x10980000, 0x10980000)
  from space 2944K,  72% used [0x10c60000, 0x10e75b78, 0x10f40000)
  to   space 2944K,   0% used [0x10980000, 0x10980000, 0x10c60000)
 tenured generation   total 59692K, used 51120K [0x14750000, 0x1819b000, 0x1f200000)
   the space 59692K,  85% used [0x14750000, 0x1793c198, 0x1793c200, 0x1819b000)
 Metaspace       used 31412K, capacity 32647K, committed 32768K, reserved 33152K
Event: 18.634 GC heap after
Heap after GC invocations=92 (full 4):
 def new generation   total 27008K, used 2458K [0x0f200000, 0x10f40000, 0x14750000)
  eden space 24064K,   0% used [0x0f200000, 0x0f200000, 0x10980000)
  from space 2944K,  83% used [0x10980000, 0x10be6a48, 0x10c60000)
  to   space 2944K,   0% used [0x10c60000, 0x10c60000, 0x10f40000)
 tenured generation   total 59692K, used 52196K [0x14750000, 0x1819b000, 0x1f200000)
   the space 59692K,  87% used [0x14750000, 0x17a49228, 0x17a49400, 0x1819b000)
 Metaspace       used 31412K, capacity 32647K, committed 32768K, reserved 33152K
}
Event: 18.957 GC heap before
{Heap before GC invocations=92 (full 4):
 def new generation   total 27008K, used 26522K [0x0f200000, 0x10f40000, 0x14750000)
  eden space 24064K, 100% used [0x0f200000, 0x10980000, 0x10980000)
  from space 2944K,  83% used [0x10980000, 0x10be6a48, 0x10c60000)
  to   space 2944K,   0% used [0x10c60000, 0x10c60000, 0x10f40000)
 tenured generation   total 59692K, used 52196K [0x14750000, 0x1819b000, 0x1f200000)
   the space 59692K,  87% used [0x14750000, 0x17a49228, 0x17a49400, 0x1819b000)
 Metaspace       used 31419K, capacity 32647K, committed 32768K, reserved 33152K
Event: 18.973 GC heap after
Heap after GC invocations=93 (full 4):
 def new generation   total 27008K, used 1917K [0x0f200000, 0x10f40000, 0x14750000)
  eden space 24064K,   0% used [0x0f200000, 0x0f200000, 0x10980000)
  from space 2944K,  65% used [0x10c60000, 0x10e3f530, 0x10f40000)
  to   space 2944K,   0% used [0x10980000, 0x10980000, 0x10c60000)
 tenured generation   total 59692K, used 54184K [0x14750000, 0x1819b000, 0x1f200000)
   the space 59692K,  90% used [0x14750000, 0x17c3a208, 0x17c3a400, 0x1819b000)
 Metaspace       used 31419K, capacity 32647K, committed 32768K, reserved 33152K
}
Event: 19.276 GC heap before
{Heap before GC invocations=93 (full 4):
 def new generation   total 27008K, used 25981K [0x0f200000, 0x10f40000, 0x14750000)
  eden space 24064K, 100% used [0x0f200000, 0x10980000, 0x10980000)
  from space 2944K,  65% used [0x10c60000, 0x10e3f530, 0x10f40000)
  to   space 2944K,   0% used [0x10980000, 0x10980000, 0x10c60000)
 tenured generation   total 59692K, used 54184K [0x14750000, 0x1819b000, 0x1f200000)
   the space 59692K,  90% used [0x14750000, 0x17c3a208, 0x17c3a400, 0x1819b000)
 Metaspace       used 31419K, capacity 32647K, committed 32768K, reserved 33152K
Event: 19.301 GC heap after
Heap after GC invocations=94 (full 4):
 def new generation   total 27008K, used 2944K [0x0f200000, 0x10f40000, 0x14750000)
  eden space 24064K,   0% used [0x0f200000, 0x0f200000, 0x10980000)
  from space 2944K, 100% used [0x10980000, 0x10c60000, 0x10c60000)
  to   space 2944K,   0% used [0x10c60000, 0x10c60000, 0x10f40000)
 tenured generation   total 59692K, used 57991K [0x14750000, 0x1819b000, 0x1f200000)
   the space 59692K,  97% used [0x14750000, 0x17ff1f78, 0x17ff2000, 0x1819b000)
 Metaspace       used 31419K, capacity 32647K, committed 32768K, reserved 33152K
}
Event: 19.543 GC heap before
{Heap before GC invocations=94 (full 4):
 def new generation   total 27008K, used 27008K [0x0f200000, 0x10f40000, 0x14750000)
  eden space 24064K, 100% used [0x0f200000, 0x10980000, 0x10980000)
  from space 2944K, 100% used [0x10980000, 0x10c60000, 0x10c60000)
  to   space 2944K,   0% used [0x10c60000, 0x10c60000, 0x10f40000)
 tenured generation   total 59692K, used 57991K [0x14750000, 0x1819b000, 0x1f200000)
   the space 59692K,  97% used [0x14750000, 0x17ff1f78, 0x17ff2000, 0x1819b000)
 Metaspace       used 31420K, capacity 32647K, committed 32768K, reserved 33152K
Event: 19.808 GC heap after
Heap after GC invocations=95 (full 5):
 def new generation   total 46400K, used 2915K [0x0f200000, 0x12450000, 0x14750000)
  eden space 41280K,   7% used [0x0f200000, 0x0f4d8cd8, 0x11a50000)
  from space 5120K,   0% used [0x11a50000, 0x11a50000, 0x11f50000)
  to   space 5120K,   0% used [0x11f50000, 0x11f50000, 0x12450000)
 tenured generation   total 102900K, used 61740K [0x14750000, 0x1abcd000, 0x1f200000)
   the space 102900K,  60% used [0x14750000, 0x1839b000, 0x1839b000, 0x1abcd000)
 Metaspace       used 31411K, capacity 32622K, committed 32768K, reserved 33152K
}

