# JRE version: Java(TM) SE Runtime Environment (8.0_121-b13) (build 1.8.0_121-b13)
# Java VM: Java HotSpot(TM) Client VM (25.121-b13 mixed mode windows-x86 )
Heap:
 def new generation   total 34368K, used 18124K [0x0f200000, 0x11740000, 0x24750000)
  eden space 30592K,  46% used [0x0f200000, 0x10003028, 0x10fe0000)
  from space 3776K, 100% used [0x10fe0000, 0x11390000, 0x11390000)
  to   space 3776K,   0% used [0x11390000, 0x11390000, 0x11740000)
 tenured generation   total 76060K, used 60901K [0x24750000, 0x29197000, 0x4f200000)
   the space 76060K,  80% used [0x24750000, 0x282c96e0, 0x282c9800, 0x29197000)
 Metaspace       used 38696K, capacity 40088K, committed 40320K, reserved 40320K
GC Heap History (10 events):
Event: 72.294 GC heap before
{Heap before GC invocations=100 (full 6):
 def new generation   total 34368K, used 34368K [0x0f200000, 0x11740000, 0x24750000)
  eden space 30592K, 100% used [0x0f200000, 0x10fe0000, 0x10fe0000)
  from space 3776K, 100% used [0x11390000, 0x11740000, 0x11740000)
  to   space 3776K,   0% used [0x10fe0000, 0x10fe0000, 0x11390000)
 tenured generation   total 76060K, used 46276K [0x24750000, 0x29197000, 0x4f200000)
   the space 76060K,  60% used [0x24750000, 0x27481120, 0x27481200, 0x29197000)
 Metaspace       used 37986K, capacity 39311K, committed 39552K, reserved 40320K
Event: 72.323 GC heap after
Heap after GC invocations=101 (full 6):
 def new generation   total 34368K, used 1347K [0x0f200000, 0x11740000, 0x24750000)
  eden space 30592K,   0% used [0x0f200000, 0x0f200000, 0x10fe0000)
  from space 3776K,  35% used [0x10fe0000, 0x11130ee0, 0x11390000)
  to   space 3776K,   0% used [0x11390000, 0x11390000, 0x11740000)
 tenured generation   total 76060K, used 50029K [0x24750000, 0x29197000, 0x4f200000)
   the space 76060K,  65% used [0x24750000, 0x2782b540, 0x2782b600, 0x29197000)
 Metaspace       used 37986K, capacity 39311K, committed 39552K, reserved 40320K
}
Event: 73.692 GC heap before
{Heap before GC invocations=101 (full 6):
 def new generation   total 34368K, used 31939K [0x0f200000, 0x11740000, 0x24750000)
  eden space 30592K, 100% used [0x0f200000, 0x10fe0000, 0x10fe0000)
  from space 3776K,  35% used [0x10fe0000, 0x11130ee0, 0x11390000)
  to   space 3776K,   0% used [0x11390000, 0x11390000, 0x11740000)
 tenured generation   total 76060K, used 50029K [0x24750000, 0x29197000, 0x4f200000)
   the space 76060K,  65% used [0x24750000, 0x2782b540, 0x2782b600, 0x29197000)
 Metaspace       used 38143K, capacity 39524K, committed 39680K, reserved 40320K
Event: 73.712 GC heap after
Heap after GC invocations=102 (full 6):
 def new generation   total 34368K, used 3120K [0x0f200000, 0x11740000, 0x24750000)
  eden space 30592K,   0% used [0x0f200000, 0x0f200000, 0x10fe0000)
  from space 3776K,  82% used [0x11390000, 0x1169c380, 0x11740000)
  to   space 3776K,   0% used [0x10fe0000, 0x10fe0000, 0x11390000)
 tenured generation   total 76060K, used 50029K [0x24750000, 0x29197000, 0x4f200000)
   the space 76060K,  65% used [0x24750000, 0x2782b540, 0x2782b600, 0x29197000)
 Metaspace       used 38143K, capacity 39524K, committed 39680K, reserved 40320K
}
Event: 74.507 GC heap before
{Heap before GC invocations=102 (full 6):
 def new generation   total 34368K, used 33712K [0x0f200000, 0x11740000, 0x24750000)
  eden space 30592K, 100% used [0x0f200000, 0x10fe0000, 0x10fe0000)
  from space 3776K,  82% used [0x11390000, 0x1169c380, 0x11740000)
  to   space 3776K,   0% used [0x10fe0000, 0x10fe0000, 0x11390000)
 tenured generation   total 76060K, used 50029K [0x24750000, 0x29197000, 0x4f200000)
   the space 76060K,  65% used [0x24750000, 0x2782b540, 0x2782b600, 0x29197000)
 Metaspace       used 38470K, capacity 39846K, committed 40064K, reserved 40320K
Event: 74.526 GC heap after
Heap after GC invocations=103 (full 6):
 def new generation   total 34368K, used 1558K [0x0f200000, 0x11740000, 0x24750000)
  eden space 30592K,   0% used [0x0f200000, 0x0f200000, 0x10fe0000)
  from space 3776K,  41% used [0x10fe0000, 0x111659d0, 0x11390000)
  to   space 3776K,   0% used [0x11390000, 0x11390000, 0x11740000)
 tenured generation   total 76060K, used 52922K [0x24750000, 0x29197000, 0x4f200000)
   the space 76060K,  69% used [0x24750000, 0x27afea00, 0x27afea00, 0x29197000)
 Metaspace       used 38470K, capacity 39846K, committed 40064K, reserved 40320K
}
Event: 75.815 GC heap before
{Heap before GC invocations=103 (full 6):
 def new generation   total 34368K, used 32150K [0x0f200000, 0x11740000, 0x24750000)
  eden space 30592K, 100% used [0x0f200000, 0x10fe0000, 0x10fe0000)
  from space 3776K,  41% used [0x10fe0000, 0x111659d0, 0x11390000)
  to   space 3776K,   0% used [0x11390000, 0x11390000, 0x11740000)
 tenured generation   total 76060K, used 52922K [0x24750000, 0x29197000, 0x4f200000)
   the space 76060K,  69% used [0x24750000, 0x27afea00, 0x27afea00, 0x29197000)
 Metaspace       used 38470K, capacity 39846K, committed 40064K, reserved 40320K
Event: 75.845 GC heap after
Heap after GC invocations=104 (full 6):
 def new generation   total 34368K, used 3776K [0x0f200000, 0x11740000, 0x24750000)
  eden space 30592K,   0% used [0x0f200000, 0x0f200000, 0x10fe0000)
  from space 3776K, 100% used [0x11390000, 0x11740000, 0x11740000)
  to   space 3776K,   0% used [0x10fe0000, 0x10fe0000, 0x11390000)
 tenured generation   total 76060K, used 56227K [0x24750000, 0x29197000, 0x4f200000)
   the space 76060K,  73% used [0x24750000, 0x27e38e68, 0x27e39000, 0x29197000)
 Metaspace       used 38470K, capacity 39846K, committed 40064K, reserved 40320K
}
Event: 76.845 GC heap before
{Heap before GC invocations=104 (full 6):
 def new generation   total 34368K, used 34368K [0x0f200000, 0x11740000, 0x24750000)
  eden space 30592K, 100% used [0x0f200000, 0x10fe0000, 0x10fe0000)
  from space 3776K, 100% used [0x11390000, 0x11740000, 0x11740000)
  to   space 3776K,   0% used [0x10fe0000, 0x10fe0000, 0x11390000)
 tenured generation   total 76060K, used 56227K [0x24750000, 0x29197000, 0x4f200000)
   the space 76060K,  73% used [0x24750000, 0x27e38e68, 0x27e39000, 0x29197000)
 Metaspace       used 38471K, capacity 39846K, committed 40064K, reserved 40320K
Event: 76.884 GC heap after
Heap after GC invocations=105 (full 6):
 def new generation   total 34368K, used 3776K [0x0f200000, 0x11740000, 0x24750000)
  eden space 30592K,   0% used [0x0f200000, 0x0f200000, 0x10fe0000)
  from space 3776K, 100% used [0x10fe0000, 0x11390000, 0x11390000)
  to   space 3776K,   0% used [0x11390000, 0x11390000, 0x11740000)
 tenured generation   total 76060K, used 60901K [0x24750000, 0x29197000, 0x4f200000)
   the space 76060K,  80% used [0x24750000, 0x282c96e0, 0x282c9800, 0x29197000)
 Metaspace       used 38471K, capacity 39846K, committed 40064K, reserved 40320K
}

