# JRE version: Java(TM) SE Runtime Environment (8.0_121-b13) (build 1.8.0_121-b13)
# Java VM: Java HotSpot(TM) Client VM (25.121-b13 mixed mode windows-x86 )
Heap:
 def new generation   total 35968K, used 34459K [0x0f200000, 0x11900000, 0x24750000)
  eden space 32000K,  95% used [0x0f200000, 0x10fc6d88, 0x11140000)
  from space 3968K, 100% used [0x11140000, 0x11520000, 0x11520000)
  to   space 3968K,   0% used [0x11520000, 0x11520000, 0x11900000)
 tenured generation   total 79648K, used 76294K [0x24750000, 0x29518000, 0x4f200000)
   the space 79648K,  95% used [0x24750000, 0x291d1b38, 0x291d1c00, 0x29518000)
 Metaspace       used 38908K, capacity 40370K, committed 40448K, reserved 41344K
GC Heap History (10 events):
Event: 31.466 GC heap before
{Heap before GC invocations=100 (full 5):
 def new generation   total 35968K, used 35968K [0x0f200000, 0x11900000, 0x24750000)
  eden space 32000K, 100% used [0x0f200000, 0x11140000, 0x11140000)
  from space 3968K, 100% used [0x11520000, 0x11900000, 0x11900000)
  to   space 3968K,   0% used [0x11140000, 0x11140000, 0x11520000)
 tenured generation   total 79648K, used 59632K [0x24750000, 0x29518000, 0x4f200000)
   the space 79648K,  74% used [0x24750000, 0x2818c2a0, 0x2818c400, 0x29518000)
 Metaspace       used 38187K, capacity 39564K, committed 39680K, reserved 40320K
Event: 31.617 GC heap after
Heap after GC invocations=101 (full 5):
 def new generation   total 35968K, used 3968K [0x0f200000, 0x11900000, 0x24750000)
  eden space 32000K,   0% used [0x0f200000, 0x0f200000, 0x11140000)
  from space 3968K, 100% used [0x11140000, 0x11520000, 0x11520000)
  to   space 3968K,   0% used [0x11520000, 0x11520000, 0x11900000)
 tenured generation   total 79648K, used 64654K [0x24750000, 0x29518000, 0x4f200000)
   the space 79648K,  81% used [0x24750000, 0x286739d8, 0x28673a00, 0x29518000)
 Metaspace       used 38187K, capacity 39564K, committed 39680K, reserved 40320K
}
Event: 32.870 GC heap before
{Heap before GC invocations=101 (full 5):
 def new generation   total 35968K, used 35968K [0x0f200000, 0x11900000, 0x24750000)
  eden space 32000K, 100% used [0x0f200000, 0x11140000, 0x11140000)
  from space 3968K, 100% used [0x11140000, 0x11520000, 0x11520000)
  to   space 3968K,   0% used [0x11520000, 0x11520000, 0x11900000)
 tenured generation   total 79648K, used 64654K [0x24750000, 0x29518000, 0x4f200000)
   the space 79648K,  81% used [0x24750000, 0x286739d8, 0x28673a00, 0x29518000)
 Metaspace       used 38190K, capacity 39569K, committed 39680K, reserved 40320K
Event: 32.901 GC heap after
Heap after GC invocations=102 (full 5):
 def new generation   total 35968K, used 1314K [0x0f200000, 0x11900000, 0x24750000)
  eden space 32000K,   0% used [0x0f200000, 0x0f200000, 0x11140000)
  from space 3968K,  33% used [0x11520000, 0x11668ba0, 0x11900000)
  to   space 3968K,   0% used [0x11140000, 0x11140000, 0x11520000)
 tenured generation   total 79648K, used 68602K [0x24750000, 0x29518000, 0x4f200000)
   the space 79648K,  86% used [0x24750000, 0x28a4eba8, 0x28a4ec00, 0x29518000)
 Metaspace       used 38190K, capacity 39569K, committed 39680K, reserved 40320K
}
Event: 34.073 GC heap before
{Heap before GC invocations=102 (full 5):
 def new generation   total 35968K, used 33314K [0x0f200000, 0x11900000, 0x24750000)
  eden space 32000K, 100% used [0x0f200000, 0x11140000, 0x11140000)
  from space 3968K,  33% used [0x11520000, 0x11668ba0, 0x11900000)
  to   space 3968K,   0% used [0x11140000, 0x11140000, 0x11520000)
 tenured generation   total 79648K, used 68602K [0x24750000, 0x29518000, 0x4f200000)
   the space 79648K,  86% used [0x24750000, 0x28a4eba8, 0x28a4ec00, 0x29518000)
 Metaspace       used 38676K, capacity 40102K, committed 40192K, reserved 40320K
Event: 34.094 GC heap after
Heap after GC invocations=103 (full 5):
 def new generation   total 35968K, used 3550K [0x0f200000, 0x11900000, 0x24750000)
  eden space 32000K,   0% used [0x0f200000, 0x0f200000, 0x11140000)
  from space 3968K,  89% used [0x11140000, 0x114b7928, 0x11520000)
  to   space 3968K,   0% used [0x11520000, 0x11520000, 0x11900000)
 tenured generation   total 79648K, used 68602K [0x24750000, 0x29518000, 0x4f200000)
   the space 79648K,  86% used [0x24750000, 0x28a4eba8, 0x28a4ec00, 0x29518000)
 Metaspace       used 38676K, capacity 40102K, committed 40192K, reserved 40320K
}
Event: 34.662 GC heap before
{Heap before GC invocations=103 (full 5):
 def new generation   total 35968K, used 35550K [0x0f200000, 0x11900000, 0x24750000)
  eden space 32000K, 100% used [0x0f200000, 0x11140000, 0x11140000)
  from space 3968K,  89% used [0x11140000, 0x114b7928, 0x11520000)
  to   space 3968K,   0% used [0x11520000, 0x11520000, 0x11900000)
 tenured generation   total 79648K, used 68602K [0x24750000, 0x29518000, 0x4f200000)
   the space 79648K,  86% used [0x24750000, 0x28a4eba8, 0x28a4ec00, 0x29518000)
 Metaspace       used 38683K, capacity 40134K, committed 40192K, reserved 40320K
Event: 34.687 GC heap after
Heap after GC invocations=104 (full 5):
 def new generation   total 35968K, used 2662K [0x0f200000, 0x11900000, 0x24750000)
  eden space 32000K,   0% used [0x0f200000, 0x0f200000, 0x11140000)
  from space 3968K,  67% used [0x11520000, 0x117b9af8, 0x11900000)
  to   space 3968K,   0% used [0x11140000, 0x11140000, 0x11520000)
 tenured generation   total 79648K, used 71611K [0x24750000, 0x29518000, 0x4f200000)
   the space 79648K,  89% used [0x24750000, 0x28d3ee70, 0x28d3f000, 0x29518000)
 Metaspace       used 38683K, capacity 40134K, committed 40192K, reserved 40320K
}
Event: 35.225 GC heap before
{Heap before GC invocations=104 (full 5):
 def new generation   total 35968K, used 34662K [0x0f200000, 0x11900000, 0x24750000)
  eden space 32000K, 100% used [0x0f200000, 0x11140000, 0x11140000)
  from space 3968K,  67% used [0x11520000, 0x117b9af8, 0x11900000)
  to   space 3968K,   0% used [0x11140000, 0x11140000, 0x11520000)
 tenured generation   total 79648K, used 71611K [0x24750000, 0x29518000, 0x4f200000)
   the space 79648K,  89% used [0x24750000, 0x28d3ee70, 0x28d3f000, 0x29518000)
 Metaspace       used 38684K, capacity 40134K, committed 40192K, reserved 40320K
Event: 35.259 GC heap after
Heap after GC invocations=105 (full 5):
 def new generation   total 35968K, used 3968K [0x0f200000, 0x11900000, 0x24750000)
  eden space 32000K,   0% used [0x0f200000, 0x0f200000, 0x11140000)
  from space 3968K, 100% used [0x11140000, 0x11520000, 0x11520000)
  to   space 3968K,   0% used [0x11520000, 0x11520000, 0x11900000)
 tenured generation   total 79648K, used 76294K [0x24750000, 0x29518000, 0x4f200000)
   the space 79648K,  95% used [0x24750000, 0x291d1b38, 0x291d1c00, 0x29518000)
 Metaspace       used 38684K, capacity 40134K, committed 40192K, reserved 40320K
}

